2020-06-22 19:43:15.878  INFO 1258 --- [restartedMain] com.example.core.CursoSpringApplication  : Starting CursoSpringApplication on Miguel-Angel.local with PID 1258 (/Users/miguelmondragon/Desktop/springBoot/cursoSpring/target/classes started by miguelmondragon in /Users/miguelmondragon/Desktop/springBoot/cursoSpring)
2020-06-22 19:43:15.887  INFO 1258 --- [restartedMain] com.example.core.CursoSpringApplication  : No active profile set, falling back to default profiles: default
2020-06-22 19:43:15.960  INFO 1258 --- [restartedMain] .e.DevToolsPropertyDefaultsPostProcessor : Devtools property defaults active! Set 'spring.devtools.add-properties' to 'false' to disable
2020-06-22 19:43:15.961  INFO 1258 --- [restartedMain] .e.DevToolsPropertyDefaultsPostProcessor : For additional web related logging consider setting the 'logging.level.web' property to 'DEBUG'
2020-06-22 19:43:17.553  INFO 1258 --- [restartedMain] o.s.b.w.embedded.tomcat.TomcatWebServer  : Tomcat initialized with port(s): 8080 (http)
2020-06-22 19:43:17.587  INFO 1258 --- [restartedMain] o.apache.catalina.core.StandardService   : Starting service [Tomcat]
2020-06-22 19:43:17.588  INFO 1258 --- [restartedMain] org.apache.catalina.core.StandardEngine  : Starting Servlet engine: [Apache Tomcat/9.0.21]
2020-06-22 19:43:17.689  INFO 1258 --- [restartedMain] o.a.c.c.C.[Tomcat].[localhost].[/]       : Initializing Spring embedded WebApplicationContext
2020-06-22 19:43:17.690  INFO 1258 --- [restartedMain] o.s.web.context.ContextLoader            : Root WebApplicationContext: initialization completed in 1729 ms
2020-06-22 19:43:18.059  INFO 1258 --- [restartedMain] o.s.s.concurrent.ThreadPoolTaskExecutor  : Initializing ExecutorService 'applicationTaskExecutor'
2020-06-22 19:43:18.217  INFO 1258 --- [restartedMain] o.s.b.a.w.s.WelcomePageHandlerMapping    : Adding welcome page template: index
2020-06-22 19:43:18.351  INFO 1258 --- [restartedMain] o.s.b.d.a.OptionalLiveReloadServer       : LiveReload server is running on port 35729
2020-06-22 19:43:18.437  INFO 1258 --- [restartedMain] o.s.b.w.embedded.tomcat.TomcatWebServer  : Tomcat started on port(s): 8080 (http) with context path ''
2020-06-22 19:43:18.443  INFO 1258 --- [restartedMain] com.example.core.CursoSpringApplication  : Started CursoSpringApplication in 2.99 seconds (JVM running for 3.927)
2020-06-22 19:43:18.610  INFO 1258 --- [restartedMain] ication$$EnhancerBySpringCGLIB$$392c8359 : select count(*) from permiso;
2020-06-22 19:43:18.622  INFO 1258 --- [restartedMain] ication$$EnhancerBySpringCGLIB$$392c8359 : la cantidad que tenemos es :  8
2020-06-22 19:44:10.617  INFO 1258 --- [http-nio-8080-exec-1] o.a.c.c.C.[Tomcat].[localhost].[/]       : Initializing Spring DispatcherServlet 'dispatcherServlet'
2020-06-22 19:44:10.619  INFO 1258 --- [http-nio-8080-exec-1] o.s.web.servlet.DispatcherServlet        : Initializing Servlet 'dispatcherServlet'
2020-06-22 19:44:10.629  INFO 1258 --- [http-nio-8080-exec-1] o.s.web.servlet.DispatcherServlet        : Completed initialization in 10 ms
2020-06-22 19:44:31.804  INFO 1258 --- [RMI TCP Connection(4)-127.0.0.1] inMXBeanRegistrar$SpringApplicationAdmin : Application shutdown requested.
2020-06-22 19:44:31.809  INFO 1258 --- [RMI TCP Connection(4)-127.0.0.1] o.s.s.concurrent.ThreadPoolTaskExecutor  : Shutting down ExecutorService 'applicationTaskExecutor'
2020-06-22 19:44:36.354  INFO 1259 --- [restartedMain] com.example.core.CursoSpringApplication  : Starting CursoSpringApplication on Miguel-Angel.local with PID 1259 (/Users/miguelmondragon/Desktop/springBoot/cursoSpring/target/classes started by miguelmondragon in /Users/miguelmondragon/Desktop/springBoot/cursoSpring)
2020-06-22 19:44:36.358  INFO 1259 --- [restartedMain] com.example.core.CursoSpringApplication  : No active profile set, falling back to default profiles: default
2020-06-22 19:44:36.414  INFO 1259 --- [restartedMain] .e.DevToolsPropertyDefaultsPostProcessor : Devtools property defaults active! Set 'spring.devtools.add-properties' to 'false' to disable
2020-06-22 19:44:36.414  INFO 1259 --- [restartedMain] .e.DevToolsPropertyDefaultsPostProcessor : For additional web related logging consider setting the 'logging.level.web' property to 'DEBUG'
2020-06-22 19:44:37.913  INFO 1259 --- [restartedMain] o.s.b.w.embedded.tomcat.TomcatWebServer  : Tomcat initialized with port(s): 8080 (http)
2020-06-22 19:44:37.945  INFO 1259 --- [restartedMain] o.apache.catalina.core.StandardService   : Starting service [Tomcat]
2020-06-22 19:44:37.946  INFO 1259 --- [restartedMain] org.apache.catalina.core.StandardEngine  : Starting Servlet engine: [Apache Tomcat/9.0.21]
2020-06-22 19:44:38.045  INFO 1259 --- [restartedMain] o.a.c.c.C.[Tomcat].[localhost].[/]       : Initializing Spring embedded WebApplicationContext
2020-06-22 19:44:38.045  INFO 1259 --- [restartedMain] o.s.web.context.ContextLoader            : Root WebApplicationContext: initialization completed in 1631 ms
2020-06-22 19:44:38.524  INFO 1259 --- [restartedMain] o.s.s.concurrent.ThreadPoolTaskExecutor  : Initializing ExecutorService 'applicationTaskExecutor'
2020-06-22 19:44:38.762  INFO 1259 --- [restartedMain] o.s.b.a.w.s.WelcomePageHandlerMapping    : Adding welcome page template: index
2020-06-22 19:44:38.920  INFO 1259 --- [restartedMain] o.s.b.d.a.OptionalLiveReloadServer       : LiveReload server is running on port 35729
2020-06-22 19:44:39.012  INFO 1259 --- [restartedMain] o.s.b.w.embedded.tomcat.TomcatWebServer  : Tomcat started on port(s): 8080 (http) with context path ''
2020-06-22 19:44:39.020  INFO 1259 --- [restartedMain] com.example.core.CursoSpringApplication  : Started CursoSpringApplication in 3.04 seconds (JVM running for 3.94)
2020-06-22 19:44:39.191  INFO 1259 --- [restartedMain] ication$$EnhancerBySpringCGLIB$$a8cba71c : select count(*) from permiso;
2020-06-22 19:44:39.199  INFO 1259 --- [restartedMain] ication$$EnhancerBySpringCGLIB$$a8cba71c : la cantidad que tenemos es :  8
2020-06-22 19:44:43.767  INFO 1259 --- [http-nio-8080-exec-1] o.a.c.c.C.[Tomcat].[localhost].[/]       : Initializing Spring DispatcherServlet 'dispatcherServlet'
2020-06-22 19:44:43.768  INFO 1259 --- [http-nio-8080-exec-1] o.s.web.servlet.DispatcherServlet        : Initializing Servlet 'dispatcherServlet'
2020-06-22 19:44:43.781  INFO 1259 --- [http-nio-8080-exec-1] o.s.web.servlet.DispatcherServlet        : Completed initialization in 13 ms
2020-06-22 19:45:49.424  INFO 1259 --- [RMI TCP Connection(4)-127.0.0.1] inMXBeanRegistrar$SpringApplicationAdmin : Application shutdown requested.
2020-06-22 19:45:49.429  INFO 1259 --- [RMI TCP Connection(4)-127.0.0.1] o.s.s.concurrent.ThreadPoolTaskExecutor  : Shutting down ExecutorService 'applicationTaskExecutor'
2020-06-22 20:04:31.247  INFO 573 --- [restartedMain] com.example.core.CursoSpringApplication  : Starting CursoSpringApplication on Miguel-Angel.local with PID 573 (/Users/miguelmondragon/Desktop/springBoot/cursoSpring/target/classes started by miguelmondragon in /Users/miguelmondragon/Desktop/springBoot/cursoSpring)
2020-06-22 20:04:31.251  INFO 573 --- [restartedMain] com.example.core.CursoSpringApplication  : No active profile set, falling back to default profiles: default
2020-06-22 20:04:31.349  INFO 573 --- [restartedMain] .e.DevToolsPropertyDefaultsPostProcessor : Devtools property defaults active! Set 'spring.devtools.add-properties' to 'false' to disable
2020-06-22 20:04:31.350  INFO 573 --- [restartedMain] .e.DevToolsPropertyDefaultsPostProcessor : For additional web related logging consider setting the 'logging.level.web' property to 'DEBUG'
2020-06-22 20:04:32.874  INFO 573 --- [restartedMain] o.s.b.w.embedded.tomcat.TomcatWebServer  : Tomcat initialized with port(s): 8080 (http)
2020-06-22 20:04:32.907  INFO 573 --- [restartedMain] o.apache.catalina.core.StandardService   : Starting service [Tomcat]
2020-06-22 20:04:32.908  INFO 573 --- [restartedMain] org.apache.catalina.core.StandardEngine  : Starting Servlet engine: [Apache Tomcat/9.0.21]
2020-06-22 20:04:33.007  INFO 573 --- [restartedMain] o.a.c.c.C.[Tomcat].[localhost].[/]       : Initializing Spring embedded WebApplicationContext
2020-06-22 20:04:33.007  INFO 573 --- [restartedMain] o.s.web.context.ContextLoader            : Root WebApplicationContext: initialization completed in 1657 ms
2020-06-22 20:04:33.360  INFO 573 --- [restartedMain] o.s.s.concurrent.ThreadPoolTaskExecutor  : Initializing ExecutorService 'applicationTaskExecutor'
2020-06-22 20:04:33.519  INFO 573 --- [restartedMain] o.s.b.a.w.s.WelcomePageHandlerMapping    : Adding welcome page template: index
2020-06-22 20:04:33.649  INFO 573 --- [restartedMain] o.s.b.d.a.OptionalLiveReloadServer       : LiveReload server is running on port 35729
2020-06-22 20:04:33.726  INFO 573 --- [restartedMain] o.s.b.w.embedded.tomcat.TomcatWebServer  : Tomcat started on port(s): 8080 (http) with context path ''
2020-06-22 20:04:33.731  INFO 573 --- [restartedMain] com.example.core.CursoSpringApplication  : Started CursoSpringApplication in 2.876 seconds (JVM running for 3.669)
2020-06-22 20:04:33.924  INFO 573 --- [restartedMain] ication$$EnhancerBySpringCGLIB$$c38b2ba5 : select count(*) from permiso;
2020-06-22 20:04:33.939  INFO 573 --- [restartedMain] ication$$EnhancerBySpringCGLIB$$c38b2ba5 : la cantidad que tenemos es :  8
2020-06-22 20:04:36.958  INFO 573 --- [http-nio-8080-exec-1] o.a.c.c.C.[Tomcat].[localhost].[/]       : Initializing Spring DispatcherServlet 'dispatcherServlet'
2020-06-22 20:04:36.960  INFO 573 --- [http-nio-8080-exec-1] o.s.web.servlet.DispatcherServlet        : Initializing Servlet 'dispatcherServlet'
2020-06-22 20:04:36.970  INFO 573 --- [http-nio-8080-exec-1] o.s.web.servlet.DispatcherServlet        : Completed initialization in 10 ms
2020-06-22 20:04:46.289  WARN 573 --- [http-nio-8080-exec-6] .w.s.m.s.DefaultHandlerExceptionResolver : Resolved [org.springframework.web.bind.MissingPathVariableException: Missing URI template variable 'post' for method parameter of type int]
2020-06-22 20:06:18.712  INFO 573 --- [Thread-6] o.s.s.concurrent.ThreadPoolTaskExecutor  : Shutting down ExecutorService 'applicationTaskExecutor'
2020-06-22 20:06:19.154  INFO 573 --- [restartedMain] com.example.core.CursoSpringApplication  : Starting CursoSpringApplication on Miguel-Angel.local with PID 573 (/Users/miguelmondragon/Desktop/springBoot/cursoSpring/target/classes started by miguelmondragon in /Users/miguelmondragon/Desktop/springBoot/cursoSpring)
2020-06-22 20:06:19.154  INFO 573 --- [restartedMain] com.example.core.CursoSpringApplication  : No active profile set, falling back to default profiles: default
2020-06-22 20:06:19.828  INFO 573 --- [restartedMain] o.s.b.w.embedded.tomcat.TomcatWebServer  : Tomcat initialized with port(s): 8080 (http)
2020-06-22 20:06:19.831  INFO 573 --- [restartedMain] o.apache.catalina.core.StandardService   : Starting service [Tomcat]
2020-06-22 20:06:19.832  INFO 573 --- [restartedMain] org.apache.catalina.core.StandardEngine  : Starting Servlet engine: [Apache Tomcat/9.0.21]
2020-06-22 20:06:19.857  INFO 573 --- [restartedMain] o.a.c.c.C.[Tomcat].[localhost].[/]       : Initializing Spring embedded WebApplicationContext
2020-06-22 20:06:19.857  INFO 573 --- [restartedMain] o.s.web.context.ContextLoader            : Root WebApplicationContext: initialization completed in 700 ms
2020-06-22 20:06:20.273  INFO 573 --- [restartedMain] o.s.s.concurrent.ThreadPoolTaskExecutor  : Initializing ExecutorService 'applicationTaskExecutor'
2020-06-22 20:06:20.392  INFO 573 --- [restartedMain] o.s.b.a.w.s.WelcomePageHandlerMapping    : Adding welcome page template: index
2020-06-22 20:06:20.442  INFO 573 --- [restartedMain] o.s.b.d.a.OptionalLiveReloadServer       : LiveReload server is running on port 35729
2020-06-22 20:06:20.473  INFO 573 --- [restartedMain] o.s.b.w.embedded.tomcat.TomcatWebServer  : Tomcat started on port(s): 8080 (http) with context path ''
2020-06-22 20:06:20.474  INFO 573 --- [restartedMain] com.example.core.CursoSpringApplication  : Started CursoSpringApplication in 1.656 seconds (JVM running for 110.415)
2020-06-22 20:06:20.481  INFO 573 --- [restartedMain] ication$$EnhancerBySpringCGLIB$$c38b2ba5 : select count(*) from permiso;
2020-06-22 20:06:20.486  INFO 573 --- [restartedMain] ication$$EnhancerBySpringCGLIB$$c38b2ba5 : la cantidad que tenemos es :  8
2020-06-22 20:06:20.488  INFO 573 --- [restartedMain] .ConditionEvaluationDeltaLoggingListener : Condition evaluation unchanged
2020-06-22 20:06:23.914  INFO 573 --- [RMI TCP Connection(4)-127.0.0.1] inMXBeanRegistrar$SpringApplicationAdmin : Application shutdown requested.
2020-06-22 20:06:23.919  INFO 573 --- [RMI TCP Connection(4)-127.0.0.1] o.s.s.concurrent.ThreadPoolTaskExecutor  : Shutting down ExecutorService 'applicationTaskExecutor'
2020-06-22 20:08:58.206  INFO 576 --- [restartedMain] com.example.core.CursoSpringApplication  : Starting CursoSpringApplication on Miguel-Angel.local with PID 576 (/Users/miguelmondragon/Desktop/springBoot/cursoSpring/target/classes started by miguelmondragon in /Users/miguelmondragon/Desktop/springBoot/cursoSpring)
2020-06-22 20:08:58.211  INFO 576 --- [restartedMain] com.example.core.CursoSpringApplication  : No active profile set, falling back to default profiles: default
2020-06-22 20:08:58.263  INFO 576 --- [restartedMain] .e.DevToolsPropertyDefaultsPostProcessor : Devtools property defaults active! Set 'spring.devtools.add-properties' to 'false' to disable
2020-06-22 20:08:58.263  INFO 576 --- [restartedMain] .e.DevToolsPropertyDefaultsPostProcessor : For additional web related logging consider setting the 'logging.level.web' property to 'DEBUG'
2020-06-22 20:08:59.709  INFO 576 --- [restartedMain] o.s.b.w.embedded.tomcat.TomcatWebServer  : Tomcat initialized with port(s): 8080 (http)
2020-06-22 20:08:59.741  INFO 576 --- [restartedMain] o.apache.catalina.core.StandardService   : Starting service [Tomcat]
2020-06-22 20:08:59.741  INFO 576 --- [restartedMain] org.apache.catalina.core.StandardEngine  : Starting Servlet engine: [Apache Tomcat/9.0.21]
2020-06-22 20:08:59.834  INFO 576 --- [restartedMain] o.a.c.c.C.[Tomcat].[localhost].[/]       : Initializing Spring embedded WebApplicationContext
2020-06-22 20:08:59.834  INFO 576 --- [restartedMain] o.s.web.context.ContextLoader            : Root WebApplicationContext: initialization completed in 1569 ms
2020-06-22 20:09:00.174  INFO 576 --- [restartedMain] o.s.s.concurrent.ThreadPoolTaskExecutor  : Initializing ExecutorService 'applicationTaskExecutor'
2020-06-22 20:09:00.327  INFO 576 --- [restartedMain] o.s.b.a.w.s.WelcomePageHandlerMapping    : Adding welcome page template: index
2020-06-22 20:09:00.479  INFO 576 --- [restartedMain] o.s.b.d.a.OptionalLiveReloadServer       : LiveReload server is running on port 35729
2020-06-22 20:09:00.560  INFO 576 --- [restartedMain] o.s.b.w.embedded.tomcat.TomcatWebServer  : Tomcat started on port(s): 8080 (http) with context path ''
2020-06-22 20:09:00.566  INFO 576 --- [restartedMain] com.example.core.CursoSpringApplication  : Started CursoSpringApplication in 2.723 seconds (JVM running for 3.857)
2020-06-22 20:09:00.714  INFO 576 --- [restartedMain] ication$$EnhancerBySpringCGLIB$$cf385770 : select count(*) from permiso;
2020-06-22 20:09:00.723  INFO 576 --- [restartedMain] ication$$EnhancerBySpringCGLIB$$cf385770 : la cantidad que tenemos es :  8
2020-06-22 20:09:06.077  INFO 576 --- [RMI TCP Connection(3)-127.0.0.1] inMXBeanRegistrar$SpringApplicationAdmin : Application shutdown requested.
2020-06-22 20:09:06.084  INFO 576 --- [RMI TCP Connection(3)-127.0.0.1] o.s.s.concurrent.ThreadPoolTaskExecutor  : Shutting down ExecutorService 'applicationTaskExecutor'
2020-06-22 20:11:06.284  INFO 583 --- [restartedMain] com.example.core.CursoSpringApplication  : Starting CursoSpringApplication on Miguel-Angel.local with PID 583 (/Users/miguelmondragon/Desktop/springBoot/cursoSpring/target/classes started by miguelmondragon in /Users/miguelmondragon/Desktop/springBoot/cursoSpring)
2020-06-22 20:11:06.288  INFO 583 --- [restartedMain] com.example.core.CursoSpringApplication  : No active profile set, falling back to default profiles: default
2020-06-22 20:11:06.341  INFO 583 --- [restartedMain] .e.DevToolsPropertyDefaultsPostProcessor : Devtools property defaults active! Set 'spring.devtools.add-properties' to 'false' to disable
2020-06-22 20:11:06.342  INFO 583 --- [restartedMain] .e.DevToolsPropertyDefaultsPostProcessor : For additional web related logging consider setting the 'logging.level.web' property to 'DEBUG'
2020-06-22 20:11:07.807  INFO 583 --- [restartedMain] o.s.b.w.embedded.tomcat.TomcatWebServer  : Tomcat initialized with port(s): 8080 (http)
2020-06-22 20:11:07.840  INFO 583 --- [restartedMain] o.apache.catalina.core.StandardService   : Starting service [Tomcat]
2020-06-22 20:11:07.840  INFO 583 --- [restartedMain] org.apache.catalina.core.StandardEngine  : Starting Servlet engine: [Apache Tomcat/9.0.21]
2020-06-22 20:11:07.931  INFO 583 --- [restartedMain] o.a.c.c.C.[Tomcat].[localhost].[/]       : Initializing Spring embedded WebApplicationContext
2020-06-22 20:11:07.932  INFO 583 --- [restartedMain] o.s.web.context.ContextLoader            : Root WebApplicationContext: initialization completed in 1589 ms
2020-06-22 20:11:08.296  INFO 583 --- [restartedMain] o.s.s.concurrent.ThreadPoolTaskExecutor  : Initializing ExecutorService 'applicationTaskExecutor'
2020-06-22 20:11:08.473  INFO 583 --- [restartedMain] o.s.b.a.w.s.WelcomePageHandlerMapping    : Adding welcome page template: index
2020-06-22 20:11:08.623  INFO 583 --- [restartedMain] o.s.b.d.a.OptionalLiveReloadServer       : LiveReload server is running on port 35729
2020-06-22 20:11:08.699  INFO 583 --- [restartedMain] o.s.b.w.embedded.tomcat.TomcatWebServer  : Tomcat started on port(s): 8080 (http) with context path ''
2020-06-22 20:11:08.705  INFO 583 --- [restartedMain] com.example.core.CursoSpringApplication  : Started CursoSpringApplication in 2.765 seconds (JVM running for 3.975)
2020-06-22 20:11:08.854  INFO 583 --- [restartedMain] ication$$EnhancerBySpringCGLIB$$9b8fbd4c : select count(*) from permiso;
2020-06-22 20:11:08.884  INFO 583 --- [restartedMain] ication$$EnhancerBySpringCGLIB$$9b8fbd4c : la cantidad que tenemos es :  8
2020-06-22 20:11:22.776  INFO 583 --- [RMI TCP Connection(3)-127.0.0.1] inMXBeanRegistrar$SpringApplicationAdmin : Application shutdown requested.
2020-06-22 20:11:22.781  INFO 583 --- [RMI TCP Connection(3)-127.0.0.1] o.s.s.concurrent.ThreadPoolTaskExecutor  : Shutting down ExecutorService 'applicationTaskExecutor'
